{"uid":"1b6ec0a15ea0ded9","name":"Verify that we cannot get deleted author","fullName":"tests.authors.VerifyGetAuthorAPITest.getDeletedAuthor","historyId":"75d7bb9e6df5f17ad8724958308f2738","time":{"start":1728460752371,"stop":1728460753211,"duration":840},"status":"failed","statusMessage":"\nThe following 2 assertions failed:\n1) [Code Status should be equal to: 404] \nexpected: 404\n but was: 200\nat VerifyGetAuthorAPITest.lambda$getDeletedAuthor$10(VerifyGetAuthorAPITest.java:173)\n2) [Author should be deleted] \nexpected: \"Not Found\"\n but was: null\nat VerifyGetAuthorAPITest.lambda$getDeletedAuthor$10(VerifyGetAuthorAPITest.java:176)\n","statusTrace":"org.assertj.core.api.SoftAssertionError: \nThe following 2 assertions failed:\n1) [Code Status should be equal to: 404] \nexpected: 404\n but was: 200\nat VerifyGetAuthorAPITest.lambda$getDeletedAuthor$10(VerifyGetAuthorAPITest.java:173)\n2) [Author should be deleted] \nexpected: \"Not Found\"\n but was: null\nat VerifyGetAuthorAPITest.lambda$getDeletedAuthor$10(VerifyGetAuthorAPITest.java:176)\n\n\tat org.assertj.core.error.AssertionErrorCreator.multipleSoftAssertionsError(AssertionErrorCreator.java:99)\n\tat org.assertj.core.api.AbstractSoftAssertions.assertAll(AbstractSoftAssertions.java:37)\n\tat org.assertj.core.api.AbstractSoftAssertions.assertAll(AbstractSoftAssertions.java:42)\n\tat org.assertj.core.api.SoftAssertionsProvider.assertSoftly(SoftAssertionsProvider.java:120)\n\tat org.assertj.core.api.SoftAssertions.assertSoftly(SoftAssertions.java:162)\n\tat tests.authors.VerifyGetAuthorAPITest.getDeletedAuthor(VerifyGetAuthorAPITest.java:170)\n\tat java.base/jdk.internal.reflect.DirectMethodHandleAccessor.invoke(DirectMethodHandleAccessor.java:103)\n\tat java.base/java.lang.reflect.Method.invoke(Method.java:580)\n\tat org.testng.internal.invokers.MethodInvocationHelper.invokeMethod(MethodInvocationHelper.java:141)\n\tat org.testng.internal.invokers.TestInvoker.invokeMethod(TestInvoker.java:686)\n\tat org.testng.internal.invokers.TestInvoker.invokeTestMethod(TestInvoker.java:230)\n\tat org.testng.internal.invokers.MethodRunner.runInSequence(MethodRunner.java:63)\n\tat org.testng.internal.invokers.TestInvoker$MethodInvocationAgent.invoke(TestInvoker.java:992)\n\tat org.testng.internal.invokers.TestInvoker.invokeTestMethods(TestInvoker.java:203)\n\tat org.testng.internal.invokers.TestMethodWorker.invokeTestMethods(TestMethodWorker.java:154)\n\tat org.testng.internal.invokers.TestMethodWorker.run(TestMethodWorker.java:134)\n\tat java.base/java.util.ArrayList.forEach(ArrayList.java:1597)\n\tat org.testng.TestRunner.privateRun(TestRunner.java:739)\n\tat org.testng.TestRunner.run(TestRunner.java:614)\n\tat org.testng.SuiteRunner.runTest(SuiteRunner.java:421)\n\tat org.testng.SuiteRunner.runSequentially(SuiteRunner.java:413)\n\tat org.testng.SuiteRunner.privateRun(SuiteRunner.java:373)\n\tat org.testng.SuiteRunner.run(SuiteRunner.java:312)\n\tat org.testng.SuiteRunnerWorker.runSuite(SuiteRunnerWorker.java:52)\n\tat org.testng.SuiteRunnerWorker.run(SuiteRunnerWorker.java:95)\n\tat org.testng.TestNG.runSuitesSequentially(TestNG.java:1274)\n\tat org.testng.TestNG.runSuitesLocally(TestNG.java:1208)\n\tat org.testng.TestNG.runSuites(TestNG.java:1112)\n\tat org.testng.TestNG.run(TestNG.java:1079)\n\tat org.apache.maven.surefire.testng.TestNGExecutor.run(TestNGExecutor.java:283)\n\tat org.apache.maven.surefire.testng.TestNGXmlTestSuite.execute(TestNGXmlTestSuite.java:75)\n\tat org.apache.maven.surefire.testng.TestNGProvider.invoke(TestNGProvider.java:120)\n\tat org.apache.maven.surefire.booter.ForkedBooter.invokeProviderInSameClassLoader(ForkedBooter.java:384)\n\tat org.apache.maven.surefire.booter.ForkedBooter.runSuitesInProcess(ForkedBooter.java:345)\n\tat org.apache.maven.surefire.booter.ForkedBooter.execute(ForkedBooter.java:126)\n\tat org.apache.maven.surefire.booter.ForkedBooter.main(ForkedBooter.java:418)\n","flaky":false,"newFailed":false,"newBroken":false,"newPassed":false,"retriesCount":0,"retriesStatusChange":false,"beforeStages":[],"testStage":{"status":"failed","statusMessage":"\nThe following 2 assertions failed:\n1) [Code Status should be equal to: 404] \nexpected: 404\n but was: 200\nat VerifyGetAuthorAPITest.lambda$getDeletedAuthor$10(VerifyGetAuthorAPITest.java:173)\n2) [Author should be deleted] \nexpected: \"Not Found\"\n but was: null\nat VerifyGetAuthorAPITest.lambda$getDeletedAuthor$10(VerifyGetAuthorAPITest.java:176)\n","statusTrace":"org.assertj.core.api.SoftAssertionError: \nThe following 2 assertions failed:\n1) [Code Status should be equal to: 404] \nexpected: 404\n but was: 200\nat VerifyGetAuthorAPITest.lambda$getDeletedAuthor$10(VerifyGetAuthorAPITest.java:173)\n2) [Author should be deleted] \nexpected: \"Not Found\"\n but was: null\nat VerifyGetAuthorAPITest.lambda$getDeletedAuthor$10(VerifyGetAuthorAPITest.java:176)\n\n\tat org.assertj.core.error.AssertionErrorCreator.multipleSoftAssertionsError(AssertionErrorCreator.java:99)\n\tat org.assertj.core.api.AbstractSoftAssertions.assertAll(AbstractSoftAssertions.java:37)\n\tat org.assertj.core.api.AbstractSoftAssertions.assertAll(AbstractSoftAssertions.java:42)\n\tat org.assertj.core.api.SoftAssertionsProvider.assertSoftly(SoftAssertionsProvider.java:120)\n\tat org.assertj.core.api.SoftAssertions.assertSoftly(SoftAssertions.java:162)\n\tat tests.authors.VerifyGetAuthorAPITest.getDeletedAuthor(VerifyGetAuthorAPITest.java:170)\n\tat java.base/jdk.internal.reflect.DirectMethodHandleAccessor.invoke(DirectMethodHandleAccessor.java:103)\n\tat java.base/java.lang.reflect.Method.invoke(Method.java:580)\n\tat org.testng.internal.invokers.MethodInvocationHelper.invokeMethod(MethodInvocationHelper.java:141)\n\tat org.testng.internal.invokers.TestInvoker.invokeMethod(TestInvoker.java:686)\n\tat org.testng.internal.invokers.TestInvoker.invokeTestMethod(TestInvoker.java:230)\n\tat org.testng.internal.invokers.MethodRunner.runInSequence(MethodRunner.java:63)\n\tat org.testng.internal.invokers.TestInvoker$MethodInvocationAgent.invoke(TestInvoker.java:992)\n\tat org.testng.internal.invokers.TestInvoker.invokeTestMethods(TestInvoker.java:203)\n\tat org.testng.internal.invokers.TestMethodWorker.invokeTestMethods(TestMethodWorker.java:154)\n\tat org.testng.internal.invokers.TestMethodWorker.run(TestMethodWorker.java:134)\n\tat java.base/java.util.ArrayList.forEach(ArrayList.java:1597)\n\tat org.testng.TestRunner.privateRun(TestRunner.java:739)\n\tat org.testng.TestRunner.run(TestRunner.java:614)\n\tat org.testng.SuiteRunner.runTest(SuiteRunner.java:421)\n\tat org.testng.SuiteRunner.runSequentially(SuiteRunner.java:413)\n\tat org.testng.SuiteRunner.privateRun(SuiteRunner.java:373)\n\tat org.testng.SuiteRunner.run(SuiteRunner.java:312)\n\tat org.testng.SuiteRunnerWorker.runSuite(SuiteRunnerWorker.java:52)\n\tat org.testng.SuiteRunnerWorker.run(SuiteRunnerWorker.java:95)\n\tat org.testng.TestNG.runSuitesSequentially(TestNG.java:1274)\n\tat org.testng.TestNG.runSuitesLocally(TestNG.java:1208)\n\tat org.testng.TestNG.runSuites(TestNG.java:1112)\n\tat org.testng.TestNG.run(TestNG.java:1079)\n\tat org.apache.maven.surefire.testng.TestNGExecutor.run(TestNGExecutor.java:283)\n\tat org.apache.maven.surefire.testng.TestNGXmlTestSuite.execute(TestNGXmlTestSuite.java:75)\n\tat org.apache.maven.surefire.testng.TestNGProvider.invoke(TestNGProvider.java:120)\n\tat org.apache.maven.surefire.booter.ForkedBooter.invokeProviderInSameClassLoader(ForkedBooter.java:384)\n\tat org.apache.maven.surefire.booter.ForkedBooter.runSuitesInProcess(ForkedBooter.java:345)\n\tat org.apache.maven.surefire.booter.ForkedBooter.execute(ForkedBooter.java:126)\n\tat org.apache.maven.surefire.booter.ForkedBooter.main(ForkedBooter.java:418)\n","steps":[],"attachments":[{"uid":"a5fa3c7989a12e12","name":"API call","source":"a5fa3c7989a12e12.html","type":"text/html","size":793},{"uid":"336ab9a6903e8b1a","name":"Response","source":"336ab9a6903e8b1a.html","type":"text/html","size":536},{"uid":"2eaf344933891d79","name":"API call","source":"2eaf344933891d79.html","type":"text/html","size":515},{"uid":"a8ecc4be95376904","name":"Response","source":"a8ecc4be95376904.html","type":"text/html","size":310},{"uid":"85187369ccdaa432","name":"API call","source":"85187369ccdaa432.html","type":"text/html","size":509},{"uid":"ea8e46c68db66798","name":"Response","source":"ea8e46c68db66798.html","type":"text/html","size":555}],"parameters":[],"stepsCount":0,"attachmentsCount":6,"shouldDisplayMessage":true,"hasContent":true},"afterStages":[],"labels":[{"name":"package","value":"tests.authors.VerifyGetAuthorAPITest"},{"name":"testClass","value":"tests.authors.VerifyGetAuthorAPITest"},{"name":"testMethod","value":"getDeletedAuthor"},{"name":"parentSuite","value":"Suite"},{"name":"suite","value":"Author Tests"},{"name":"subSuite","value":"tests.authors.VerifyGetAuthorAPITest"},{"name":"host","value":"fv-az847-298"},{"name":"thread","value":"1847@fv-az847-298.main(1)"},{"name":"framework","value":"testng"},{"name":"language","value":"java"},{"name":"resultFormat","value":"allure2"}],"parameters":[],"links":[],"hidden":true,"retry":true,"extra":{"categories":[],"tags":[]},"source":"1b6ec0a15ea0ded9.json","parameterValues":[]}