{"uid":"6ee31a8cf73ed80e","name":"Verify that we can add a new author","fullName":"tests.authors.VerifyPostAuthorAPITest.createAuthorTest","historyId":"124d4f68d1ada146ea87ae5da92e3521","time":{"start":1728461254491,"stop":1728461254778,"duration":287},"status":"failed","statusMessage":"\nThe following assertion failed:\n1) [Author with negative Book ID values shouldn't be created] \nexpected: 400\n but was: 200\nat VerifyPostAuthorAPITest.lambda$createAuthorTest$0(VerifyPostAuthorAPITest.java:20)\n","statusTrace":"org.assertj.core.api.SoftAssertionError: \nThe following assertion failed:\n1) [Author with negative Book ID values shouldn't be created] \nexpected: 400\n but was: 200\nat VerifyPostAuthorAPITest.lambda$createAuthorTest$0(VerifyPostAuthorAPITest.java:20)\n\n\tat org.assertj.core.error.AssertionErrorCreator.multipleSoftAssertionsError(AssertionErrorCreator.java:99)\n\tat org.assertj.core.api.AbstractSoftAssertions.assertAll(AbstractSoftAssertions.java:37)\n\tat org.assertj.core.api.AbstractSoftAssertions.assertAll(AbstractSoftAssertions.java:42)\n\tat org.assertj.core.api.SoftAssertionsProvider.assertSoftly(SoftAssertionsProvider.java:120)\n\tat org.assertj.core.api.SoftAssertions.assertSoftly(SoftAssertions.java:162)\n\tat tests.authors.VerifyPostAuthorAPITest.createAuthorTest(VerifyPostAuthorAPITest.java:17)\n\tat java.base/jdk.internal.reflect.DirectMethodHandleAccessor.invoke(DirectMethodHandleAccessor.java:103)\n\tat java.base/java.lang.reflect.Method.invoke(Method.java:580)\n\tat org.testng.internal.invokers.MethodInvocationHelper.invokeMethod(MethodInvocationHelper.java:141)\n\tat org.testng.internal.invokers.TestInvoker.invokeMethod(TestInvoker.java:686)\n\tat org.testng.internal.invokers.TestInvoker.invokeTestMethod(TestInvoker.java:230)\n\tat org.testng.internal.invokers.MethodRunner.runInSequence(MethodRunner.java:63)\n\tat org.testng.internal.invokers.TestInvoker$MethodInvocationAgent.invoke(TestInvoker.java:992)\n\tat org.testng.internal.invokers.TestInvoker.invokeTestMethods(TestInvoker.java:203)\n\tat org.testng.internal.invokers.TestMethodWorker.invokeTestMethods(TestMethodWorker.java:154)\n\tat org.testng.internal.invokers.TestMethodWorker.run(TestMethodWorker.java:134)\n\tat java.base/java.util.ArrayList.forEach(ArrayList.java:1597)\n\tat org.testng.TestRunner.privateRun(TestRunner.java:739)\n\tat org.testng.TestRunner.run(TestRunner.java:614)\n\tat org.testng.SuiteRunner.runTest(SuiteRunner.java:421)\n\tat org.testng.SuiteRunner.runSequentially(SuiteRunner.java:413)\n\tat org.testng.SuiteRunner.privateRun(SuiteRunner.java:373)\n\tat org.testng.SuiteRunner.run(SuiteRunner.java:312)\n\tat org.testng.SuiteRunnerWorker.runSuite(SuiteRunnerWorker.java:52)\n\tat org.testng.SuiteRunnerWorker.run(SuiteRunnerWorker.java:95)\n\tat org.testng.TestNG.runSuitesSequentially(TestNG.java:1274)\n\tat org.testng.TestNG.runSuitesLocally(TestNG.java:1208)\n\tat org.testng.TestNG.runSuites(TestNG.java:1112)\n\tat org.testng.TestNG.run(TestNG.java:1079)\n\tat org.apache.maven.surefire.testng.TestNGExecutor.run(TestNGExecutor.java:283)\n\tat org.apache.maven.surefire.testng.TestNGXmlTestSuite.execute(TestNGXmlTestSuite.java:75)\n\tat org.apache.maven.surefire.testng.TestNGProvider.invoke(TestNGProvider.java:120)\n\tat org.apache.maven.surefire.booter.ForkedBooter.invokeProviderInSameClassLoader(ForkedBooter.java:384)\n\tat org.apache.maven.surefire.booter.ForkedBooter.runSuitesInProcess(ForkedBooter.java:345)\n\tat org.apache.maven.surefire.booter.ForkedBooter.execute(ForkedBooter.java:126)\n\tat org.apache.maven.surefire.booter.ForkedBooter.main(ForkedBooter.java:418)\n","flaky":false,"newFailed":false,"newBroken":false,"newPassed":false,"retriesCount":0,"retriesStatusChange":false,"beforeStages":[],"testStage":{"status":"failed","statusMessage":"\nThe following assertion failed:\n1) [Author with negative Book ID values shouldn't be created] \nexpected: 400\n but was: 200\nat VerifyPostAuthorAPITest.lambda$createAuthorTest$0(VerifyPostAuthorAPITest.java:20)\n","statusTrace":"org.assertj.core.api.SoftAssertionError: \nThe following assertion failed:\n1) [Author with negative Book ID values shouldn't be created] \nexpected: 400\n but was: 200\nat VerifyPostAuthorAPITest.lambda$createAuthorTest$0(VerifyPostAuthorAPITest.java:20)\n\n\tat org.assertj.core.error.AssertionErrorCreator.multipleSoftAssertionsError(AssertionErrorCreator.java:99)\n\tat org.assertj.core.api.AbstractSoftAssertions.assertAll(AbstractSoftAssertions.java:37)\n\tat org.assertj.core.api.AbstractSoftAssertions.assertAll(AbstractSoftAssertions.java:42)\n\tat org.assertj.core.api.SoftAssertionsProvider.assertSoftly(SoftAssertionsProvider.java:120)\n\tat org.assertj.core.api.SoftAssertions.assertSoftly(SoftAssertions.java:162)\n\tat tests.authors.VerifyPostAuthorAPITest.createAuthorTest(VerifyPostAuthorAPITest.java:17)\n\tat java.base/jdk.internal.reflect.DirectMethodHandleAccessor.invoke(DirectMethodHandleAccessor.java:103)\n\tat java.base/java.lang.reflect.Method.invoke(Method.java:580)\n\tat org.testng.internal.invokers.MethodInvocationHelper.invokeMethod(MethodInvocationHelper.java:141)\n\tat org.testng.internal.invokers.TestInvoker.invokeMethod(TestInvoker.java:686)\n\tat org.testng.internal.invokers.TestInvoker.invokeTestMethod(TestInvoker.java:230)\n\tat org.testng.internal.invokers.MethodRunner.runInSequence(MethodRunner.java:63)\n\tat org.testng.internal.invokers.TestInvoker$MethodInvocationAgent.invoke(TestInvoker.java:992)\n\tat org.testng.internal.invokers.TestInvoker.invokeTestMethods(TestInvoker.java:203)\n\tat org.testng.internal.invokers.TestMethodWorker.invokeTestMethods(TestMethodWorker.java:154)\n\tat org.testng.internal.invokers.TestMethodWorker.run(TestMethodWorker.java:134)\n\tat java.base/java.util.ArrayList.forEach(ArrayList.java:1597)\n\tat org.testng.TestRunner.privateRun(TestRunner.java:739)\n\tat org.testng.TestRunner.run(TestRunner.java:614)\n\tat org.testng.SuiteRunner.runTest(SuiteRunner.java:421)\n\tat org.testng.SuiteRunner.runSequentially(SuiteRunner.java:413)\n\tat org.testng.SuiteRunner.privateRun(SuiteRunner.java:373)\n\tat org.testng.SuiteRunner.run(SuiteRunner.java:312)\n\tat org.testng.SuiteRunnerWorker.runSuite(SuiteRunnerWorker.java:52)\n\tat org.testng.SuiteRunnerWorker.run(SuiteRunnerWorker.java:95)\n\tat org.testng.TestNG.runSuitesSequentially(TestNG.java:1274)\n\tat org.testng.TestNG.runSuitesLocally(TestNG.java:1208)\n\tat org.testng.TestNG.runSuites(TestNG.java:1112)\n\tat org.testng.TestNG.run(TestNG.java:1079)\n\tat org.apache.maven.surefire.testng.TestNGExecutor.run(TestNGExecutor.java:283)\n\tat org.apache.maven.surefire.testng.TestNGXmlTestSuite.execute(TestNGXmlTestSuite.java:75)\n\tat org.apache.maven.surefire.testng.TestNGProvider.invoke(TestNGProvider.java:120)\n\tat org.apache.maven.surefire.booter.ForkedBooter.invokeProviderInSameClassLoader(ForkedBooter.java:384)\n\tat org.apache.maven.surefire.booter.ForkedBooter.runSuitesInProcess(ForkedBooter.java:345)\n\tat org.apache.maven.surefire.booter.ForkedBooter.execute(ForkedBooter.java:126)\n\tat org.apache.maven.surefire.booter.ForkedBooter.main(ForkedBooter.java:418)\n","steps":[],"attachments":[{"uid":"47c503f5b3889e3d","name":"API call","source":"47c503f5b3889e3d.html","type":"text/html","size":797},{"uid":"9443a0acdde28d26","name":"Response","source":"9443a0acdde28d26.html","type":"text/html","size":538}],"parameters":[],"stepsCount":0,"attachmentsCount":2,"shouldDisplayMessage":true,"hasContent":true},"afterStages":[],"labels":[{"name":"package","value":"tests.authors.VerifyPostAuthorAPITest"},{"name":"testClass","value":"tests.authors.VerifyPostAuthorAPITest"},{"name":"testMethod","value":"createAuthorTest"},{"name":"parentSuite","value":"Suite"},{"name":"suite","value":"Author Tests"},{"name":"subSuite","value":"tests.authors.VerifyPostAuthorAPITest"},{"name":"host","value":"fv-az1986-495"},{"name":"thread","value":"2484@fv-az1986-495.main(1)"},{"name":"framework","value":"testng"},{"name":"language","value":"java"},{"name":"resultFormat","value":"allure2"}],"parameters":[{"name":"arg0","value":"Author(id=560, idBook=-1, firstName=Rick, lastName=Johnson)"},{"name":"arg1","value":"400"},{"name":"arg2","value":"Author with negative Book ID values shouldn't be created"}],"links":[],"hidden":false,"retry":false,"extra":{"severity":"normal","retries":[],"categories":[{"name":"Product defects","matchedStatuses":[],"flaky":false}],"tags":[]},"source":"6ee31a8cf73ed80e.json","parameterValues":["Author(id=560, idBook=-1, firstName=Rick, lastName=Johnson)","400","Author with negative Book ID values shouldn't be created"]}