{"uid":"8a022dcacbe947f8","name":"Verify that we can delete an created author","fullName":"tests.authors.VerifyDeleteAuthorAPITest.deleteCreatedAuthorTest","historyId":"e475627d02d03d996c83c6b888c3324c","time":{"start":1728461336813,"stop":1728461337680,"duration":867},"status":"failed","statusMessage":"\nThe following 2 assertions failed:\n1) [Code Status should be equal to: 404] \nexpected: 404\n but was: 200\nat VerifyDeleteAuthorAPITest.lambda$deleteCreatedAuthorTest$1(VerifyDeleteAuthorAPITest.java:54)\n2) [Author should be deleted] \nexpected: \"Not Found\"\n but was: null\nat VerifyDeleteAuthorAPITest.lambda$deleteCreatedAuthorTest$1(VerifyDeleteAuthorAPITest.java:57)\n","statusTrace":"org.assertj.core.api.SoftAssertionError: \nThe following 2 assertions failed:\n1) [Code Status should be equal to: 404] \nexpected: 404\n but was: 200\nat VerifyDeleteAuthorAPITest.lambda$deleteCreatedAuthorTest$1(VerifyDeleteAuthorAPITest.java:54)\n2) [Author should be deleted] \nexpected: \"Not Found\"\n but was: null\nat VerifyDeleteAuthorAPITest.lambda$deleteCreatedAuthorTest$1(VerifyDeleteAuthorAPITest.java:57)\n\n\tat org.assertj.core.error.AssertionErrorCreator.multipleSoftAssertionsError(AssertionErrorCreator.java:99)\n\tat org.assertj.core.api.AbstractSoftAssertions.assertAll(AbstractSoftAssertions.java:37)\n\tat org.assertj.core.api.AbstractSoftAssertions.assertAll(AbstractSoftAssertions.java:42)\n\tat org.assertj.core.api.SoftAssertionsProvider.assertSoftly(SoftAssertionsProvider.java:120)\n\tat org.assertj.core.api.SoftAssertions.assertSoftly(SoftAssertions.java:162)\n\tat tests.authors.VerifyDeleteAuthorAPITest.deleteCreatedAuthorTest(VerifyDeleteAuthorAPITest.java:51)\n\tat java.base/jdk.internal.reflect.DirectMethodHandleAccessor.invoke(DirectMethodHandleAccessor.java:103)\n\tat java.base/java.lang.reflect.Method.invoke(Method.java:580)\n\tat org.testng.internal.invokers.MethodInvocationHelper.invokeMethod(MethodInvocationHelper.java:141)\n\tat org.testng.internal.invokers.TestInvoker.invokeMethod(TestInvoker.java:686)\n\tat org.testng.internal.invokers.TestInvoker.invokeTestMethod(TestInvoker.java:230)\n\tat org.testng.internal.invokers.MethodRunner.runInSequence(MethodRunner.java:63)\n\tat org.testng.internal.invokers.TestInvoker$MethodInvocationAgent.invoke(TestInvoker.java:992)\n\tat org.testng.internal.invokers.TestInvoker.invokeTestMethods(TestInvoker.java:203)\n\tat org.testng.internal.invokers.TestMethodWorker.invokeTestMethods(TestMethodWorker.java:154)\n\tat org.testng.internal.invokers.TestMethodWorker.run(TestMethodWorker.java:134)\n\tat java.base/java.util.ArrayList.forEach(ArrayList.java:1597)\n\tat org.testng.TestRunner.privateRun(TestRunner.java:739)\n\tat org.testng.TestRunner.run(TestRunner.java:614)\n\tat org.testng.SuiteRunner.runTest(SuiteRunner.java:421)\n\tat org.testng.SuiteRunner.runSequentially(SuiteRunner.java:413)\n\tat org.testng.SuiteRunner.privateRun(SuiteRunner.java:373)\n\tat org.testng.SuiteRunner.run(SuiteRunner.java:312)\n\tat org.testng.SuiteRunnerWorker.runSuite(SuiteRunnerWorker.java:52)\n\tat org.testng.SuiteRunnerWorker.run(SuiteRunnerWorker.java:95)\n\tat org.testng.TestNG.runSuitesSequentially(TestNG.java:1274)\n\tat org.testng.TestNG.runSuitesLocally(TestNG.java:1208)\n\tat org.testng.TestNG.runSuites(TestNG.java:1112)\n\tat org.testng.TestNG.run(TestNG.java:1079)\n\tat org.apache.maven.surefire.testng.TestNGExecutor.run(TestNGExecutor.java:283)\n\tat org.apache.maven.surefire.testng.TestNGXmlTestSuite.execute(TestNGXmlTestSuite.java:75)\n\tat org.apache.maven.surefire.testng.TestNGProvider.invoke(TestNGProvider.java:120)\n\tat org.apache.maven.surefire.booter.ForkedBooter.invokeProviderInSameClassLoader(ForkedBooter.java:384)\n\tat org.apache.maven.surefire.booter.ForkedBooter.runSuitesInProcess(ForkedBooter.java:345)\n\tat org.apache.maven.surefire.booter.ForkedBooter.execute(ForkedBooter.java:126)\n\tat org.apache.maven.surefire.booter.ForkedBooter.main(ForkedBooter.java:418)\n","flaky":false,"newFailed":false,"newBroken":false,"newPassed":false,"retriesCount":1,"retriesStatusChange":false,"beforeStages":[],"testStage":{"status":"failed","statusMessage":"\nThe following 2 assertions failed:\n1) [Code Status should be equal to: 404] \nexpected: 404\n but was: 200\nat VerifyDeleteAuthorAPITest.lambda$deleteCreatedAuthorTest$1(VerifyDeleteAuthorAPITest.java:54)\n2) [Author should be deleted] \nexpected: \"Not Found\"\n but was: null\nat VerifyDeleteAuthorAPITest.lambda$deleteCreatedAuthorTest$1(VerifyDeleteAuthorAPITest.java:57)\n","statusTrace":"org.assertj.core.api.SoftAssertionError: \nThe following 2 assertions failed:\n1) [Code Status should be equal to: 404] \nexpected: 404\n but was: 200\nat VerifyDeleteAuthorAPITest.lambda$deleteCreatedAuthorTest$1(VerifyDeleteAuthorAPITest.java:54)\n2) [Author should be deleted] \nexpected: \"Not Found\"\n but was: null\nat VerifyDeleteAuthorAPITest.lambda$deleteCreatedAuthorTest$1(VerifyDeleteAuthorAPITest.java:57)\n\n\tat org.assertj.core.error.AssertionErrorCreator.multipleSoftAssertionsError(AssertionErrorCreator.java:99)\n\tat org.assertj.core.api.AbstractSoftAssertions.assertAll(AbstractSoftAssertions.java:37)\n\tat org.assertj.core.api.AbstractSoftAssertions.assertAll(AbstractSoftAssertions.java:42)\n\tat org.assertj.core.api.SoftAssertionsProvider.assertSoftly(SoftAssertionsProvider.java:120)\n\tat org.assertj.core.api.SoftAssertions.assertSoftly(SoftAssertions.java:162)\n\tat tests.authors.VerifyDeleteAuthorAPITest.deleteCreatedAuthorTest(VerifyDeleteAuthorAPITest.java:51)\n\tat java.base/jdk.internal.reflect.DirectMethodHandleAccessor.invoke(DirectMethodHandleAccessor.java:103)\n\tat java.base/java.lang.reflect.Method.invoke(Method.java:580)\n\tat org.testng.internal.invokers.MethodInvocationHelper.invokeMethod(MethodInvocationHelper.java:141)\n\tat org.testng.internal.invokers.TestInvoker.invokeMethod(TestInvoker.java:686)\n\tat org.testng.internal.invokers.TestInvoker.invokeTestMethod(TestInvoker.java:230)\n\tat org.testng.internal.invokers.MethodRunner.runInSequence(MethodRunner.java:63)\n\tat org.testng.internal.invokers.TestInvoker$MethodInvocationAgent.invoke(TestInvoker.java:992)\n\tat org.testng.internal.invokers.TestInvoker.invokeTestMethods(TestInvoker.java:203)\n\tat org.testng.internal.invokers.TestMethodWorker.invokeTestMethods(TestMethodWorker.java:154)\n\tat org.testng.internal.invokers.TestMethodWorker.run(TestMethodWorker.java:134)\n\tat java.base/java.util.ArrayList.forEach(ArrayList.java:1597)\n\tat org.testng.TestRunner.privateRun(TestRunner.java:739)\n\tat org.testng.TestRunner.run(TestRunner.java:614)\n\tat org.testng.SuiteRunner.runTest(SuiteRunner.java:421)\n\tat org.testng.SuiteRunner.runSequentially(SuiteRunner.java:413)\n\tat org.testng.SuiteRunner.privateRun(SuiteRunner.java:373)\n\tat org.testng.SuiteRunner.run(SuiteRunner.java:312)\n\tat org.testng.SuiteRunnerWorker.runSuite(SuiteRunnerWorker.java:52)\n\tat org.testng.SuiteRunnerWorker.run(SuiteRunnerWorker.java:95)\n\tat org.testng.TestNG.runSuitesSequentially(TestNG.java:1274)\n\tat org.testng.TestNG.runSuitesLocally(TestNG.java:1208)\n\tat org.testng.TestNG.runSuites(TestNG.java:1112)\n\tat org.testng.TestNG.run(TestNG.java:1079)\n\tat org.apache.maven.surefire.testng.TestNGExecutor.run(TestNGExecutor.java:283)\n\tat org.apache.maven.surefire.testng.TestNGXmlTestSuite.execute(TestNGXmlTestSuite.java:75)\n\tat org.apache.maven.surefire.testng.TestNGProvider.invoke(TestNGProvider.java:120)\n\tat org.apache.maven.surefire.booter.ForkedBooter.invokeProviderInSameClassLoader(ForkedBooter.java:384)\n\tat org.apache.maven.surefire.booter.ForkedBooter.runSuitesInProcess(ForkedBooter.java:345)\n\tat org.apache.maven.surefire.booter.ForkedBooter.execute(ForkedBooter.java:126)\n\tat org.apache.maven.surefire.booter.ForkedBooter.main(ForkedBooter.java:418)\n","steps":[],"attachments":[{"uid":"87030129852559ad","name":"API call","source":"87030129852559ad.html","type":"text/html","size":805},{"uid":"c66e35275a778ef5","name":"Response","source":"c66e35275a778ef5.html","type":"text/html","size":542},{"uid":"8e978f2803e7f73e","name":"API call","source":"8e978f2803e7f73e.html","type":"text/html","size":515},{"uid":"fcb4f24b1b801124","name":"Response","source":"fcb4f24b1b801124.html","type":"text/html","size":310},{"uid":"98e8f22a5c0cf6ec","name":"API call","source":"98e8f22a5c0cf6ec.html","type":"text/html","size":509},{"uid":"8cf145fba779a3d6","name":"Response","source":"8cf145fba779a3d6.html","type":"text/html","size":555}],"parameters":[],"stepsCount":0,"attachmentsCount":6,"shouldDisplayMessage":true,"hasContent":true},"afterStages":[],"labels":[{"name":"package","value":"tests.authors.VerifyDeleteAuthorAPITest"},{"name":"testClass","value":"tests.authors.VerifyDeleteAuthorAPITest"},{"name":"testMethod","value":"deleteCreatedAuthorTest"},{"name":"parentSuite","value":"Suite"},{"name":"suite","value":"Author Tests"},{"name":"subSuite","value":"tests.authors.VerifyDeleteAuthorAPITest"},{"name":"host","value":"fv-az1986-495"},{"name":"thread","value":"2484@fv-az1986-495.main(1)"},{"name":"framework","value":"testng"},{"name":"language","value":"java"},{"name":"resultFormat","value":"allure2"}],"parameters":[],"links":[],"hidden":false,"retry":false,"extra":{"severity":"normal","retries":[{"uid":"bd631e516e637207","status":"failed","statusDetails":"\nThe following 2 assertions failed:\n1) [Code Status should be equal to: 404] \nexpected: 404\n but was: 200\nat VerifyDeleteAuthorAPITest.lambda$deleteCreatedAuthorTest$1(VerifyDeleteAuthorAPITest.java:54)\n2) [Author should be deleted] \nexpected: \"Not Found\"\n but was: null\nat VerifyDeleteAuthorAPITest.lambda$deleteCreatedAuthorTest$1(VerifyDeleteAuthorAPITest.java:57)\n","time":{"start":1728461202389,"stop":1728461203233,"duration":844}}],"categories":[{"name":"Product defects","matchedStatuses":[],"flaky":false}],"tags":[]},"source":"8a022dcacbe947f8.json","parameterValues":[]}