{"uid":"af12712362f6a34","name":"Verify that we can delete an existing author","fullName":"tests.authors.VerifyDeleteAuthorAPITest.deleteExistingAuthorTest","historyId":"66a4335b6707e91c941994755e45a106","time":{"start":1728460947703,"stop":1728460955452,"duration":7749},"status":"failed","statusMessage":"\nThe following 2 assertions failed:\n1) [Code Status should be equal to: 404] \nexpected: 404\n but was: 200\nat VerifyDeleteAuthorAPITest.lambda$deleteExistingAuthorTest$0(VerifyDeleteAuthorAPITest.java:30)\n2) [Author should be deleted] \nexpected: \"Not Found\"\n but was: null\nat VerifyDeleteAuthorAPITest.lambda$deleteExistingAuthorTest$0(VerifyDeleteAuthorAPITest.java:33)\n","statusTrace":"org.assertj.core.api.SoftAssertionError: \nThe following 2 assertions failed:\n1) [Code Status should be equal to: 404] \nexpected: 404\n but was: 200\nat VerifyDeleteAuthorAPITest.lambda$deleteExistingAuthorTest$0(VerifyDeleteAuthorAPITest.java:30)\n2) [Author should be deleted] \nexpected: \"Not Found\"\n but was: null\nat VerifyDeleteAuthorAPITest.lambda$deleteExistingAuthorTest$0(VerifyDeleteAuthorAPITest.java:33)\n\n\tat org.assertj.core.error.AssertionErrorCreator.multipleSoftAssertionsError(AssertionErrorCreator.java:99)\n\tat org.assertj.core.api.AbstractSoftAssertions.assertAll(AbstractSoftAssertions.java:37)\n\tat org.assertj.core.api.AbstractSoftAssertions.assertAll(AbstractSoftAssertions.java:42)\n\tat org.assertj.core.api.SoftAssertionsProvider.assertSoftly(SoftAssertionsProvider.java:120)\n\tat org.assertj.core.api.SoftAssertions.assertSoftly(SoftAssertions.java:162)\n\tat tests.authors.VerifyDeleteAuthorAPITest.deleteExistingAuthorTest(VerifyDeleteAuthorAPITest.java:27)\n\tat java.base/jdk.internal.reflect.DirectMethodHandleAccessor.invoke(DirectMethodHandleAccessor.java:103)\n\tat java.base/java.lang.reflect.Method.invoke(Method.java:580)\n\tat org.testng.internal.invokers.MethodInvocationHelper.invokeMethod(MethodInvocationHelper.java:141)\n\tat org.testng.internal.invokers.TestInvoker.invokeMethod(TestInvoker.java:686)\n\tat org.testng.internal.invokers.TestInvoker.invokeTestMethod(TestInvoker.java:230)\n\tat org.testng.internal.invokers.MethodRunner.runInSequence(MethodRunner.java:63)\n\tat org.testng.internal.invokers.TestInvoker$MethodInvocationAgent.invoke(TestInvoker.java:992)\n\tat org.testng.internal.invokers.TestInvoker.invokeTestMethods(TestInvoker.java:203)\n\tat org.testng.internal.invokers.TestMethodWorker.invokeTestMethods(TestMethodWorker.java:154)\n\tat org.testng.internal.invokers.TestMethodWorker.run(TestMethodWorker.java:134)\n\tat java.base/java.util.ArrayList.forEach(ArrayList.java:1597)\n\tat org.testng.TestRunner.privateRun(TestRunner.java:739)\n\tat org.testng.TestRunner.run(TestRunner.java:614)\n\tat org.testng.SuiteRunner.runTest(SuiteRunner.java:421)\n\tat org.testng.SuiteRunner.runSequentially(SuiteRunner.java:413)\n\tat org.testng.SuiteRunner.privateRun(SuiteRunner.java:373)\n\tat org.testng.SuiteRunner.run(SuiteRunner.java:312)\n\tat org.testng.SuiteRunnerWorker.runSuite(SuiteRunnerWorker.java:52)\n\tat org.testng.SuiteRunnerWorker.run(SuiteRunnerWorker.java:95)\n\tat org.testng.TestNG.runSuitesSequentially(TestNG.java:1274)\n\tat org.testng.TestNG.runSuitesLocally(TestNG.java:1208)\n\tat org.testng.TestNG.runSuites(TestNG.java:1112)\n\tat org.testng.TestNG.run(TestNG.java:1079)\n\tat org.apache.maven.surefire.testng.TestNGExecutor.run(TestNGExecutor.java:283)\n\tat org.apache.maven.surefire.testng.TestNGXmlTestSuite.execute(TestNGXmlTestSuite.java:75)\n\tat org.apache.maven.surefire.testng.TestNGProvider.invoke(TestNGProvider.java:120)\n\tat org.apache.maven.surefire.booter.ForkedBooter.invokeProviderInSameClassLoader(ForkedBooter.java:384)\n\tat org.apache.maven.surefire.booter.ForkedBooter.runSuitesInProcess(ForkedBooter.java:345)\n\tat org.apache.maven.surefire.booter.ForkedBooter.execute(ForkedBooter.java:126)\n\tat org.apache.maven.surefire.booter.ForkedBooter.main(ForkedBooter.java:418)\n","flaky":false,"newFailed":false,"newBroken":false,"newPassed":false,"retriesCount":1,"retriesStatusChange":false,"beforeStages":[],"testStage":{"status":"failed","statusMessage":"\nThe following 2 assertions failed:\n1) [Code Status should be equal to: 404] \nexpected: 404\n but was: 200\nat VerifyDeleteAuthorAPITest.lambda$deleteExistingAuthorTest$0(VerifyDeleteAuthorAPITest.java:30)\n2) [Author should be deleted] \nexpected: \"Not Found\"\n but was: null\nat VerifyDeleteAuthorAPITest.lambda$deleteExistingAuthorTest$0(VerifyDeleteAuthorAPITest.java:33)\n","statusTrace":"org.assertj.core.api.SoftAssertionError: \nThe following 2 assertions failed:\n1) [Code Status should be equal to: 404] \nexpected: 404\n but was: 200\nat VerifyDeleteAuthorAPITest.lambda$deleteExistingAuthorTest$0(VerifyDeleteAuthorAPITest.java:30)\n2) [Author should be deleted] \nexpected: \"Not Found\"\n but was: null\nat VerifyDeleteAuthorAPITest.lambda$deleteExistingAuthorTest$0(VerifyDeleteAuthorAPITest.java:33)\n\n\tat org.assertj.core.error.AssertionErrorCreator.multipleSoftAssertionsError(AssertionErrorCreator.java:99)\n\tat org.assertj.core.api.AbstractSoftAssertions.assertAll(AbstractSoftAssertions.java:37)\n\tat org.assertj.core.api.AbstractSoftAssertions.assertAll(AbstractSoftAssertions.java:42)\n\tat org.assertj.core.api.SoftAssertionsProvider.assertSoftly(SoftAssertionsProvider.java:120)\n\tat org.assertj.core.api.SoftAssertions.assertSoftly(SoftAssertions.java:162)\n\tat tests.authors.VerifyDeleteAuthorAPITest.deleteExistingAuthorTest(VerifyDeleteAuthorAPITest.java:27)\n\tat java.base/jdk.internal.reflect.DirectMethodHandleAccessor.invoke(DirectMethodHandleAccessor.java:103)\n\tat java.base/java.lang.reflect.Method.invoke(Method.java:580)\n\tat org.testng.internal.invokers.MethodInvocationHelper.invokeMethod(MethodInvocationHelper.java:141)\n\tat org.testng.internal.invokers.TestInvoker.invokeMethod(TestInvoker.java:686)\n\tat org.testng.internal.invokers.TestInvoker.invokeTestMethod(TestInvoker.java:230)\n\tat org.testng.internal.invokers.MethodRunner.runInSequence(MethodRunner.java:63)\n\tat org.testng.internal.invokers.TestInvoker$MethodInvocationAgent.invoke(TestInvoker.java:992)\n\tat org.testng.internal.invokers.TestInvoker.invokeTestMethods(TestInvoker.java:203)\n\tat org.testng.internal.invokers.TestMethodWorker.invokeTestMethods(TestMethodWorker.java:154)\n\tat org.testng.internal.invokers.TestMethodWorker.run(TestMethodWorker.java:134)\n\tat java.base/java.util.ArrayList.forEach(ArrayList.java:1597)\n\tat org.testng.TestRunner.privateRun(TestRunner.java:739)\n\tat org.testng.TestRunner.run(TestRunner.java:614)\n\tat org.testng.SuiteRunner.runTest(SuiteRunner.java:421)\n\tat org.testng.SuiteRunner.runSequentially(SuiteRunner.java:413)\n\tat org.testng.SuiteRunner.privateRun(SuiteRunner.java:373)\n\tat org.testng.SuiteRunner.run(SuiteRunner.java:312)\n\tat org.testng.SuiteRunnerWorker.runSuite(SuiteRunnerWorker.java:52)\n\tat org.testng.SuiteRunnerWorker.run(SuiteRunnerWorker.java:95)\n\tat org.testng.TestNG.runSuitesSequentially(TestNG.java:1274)\n\tat org.testng.TestNG.runSuitesLocally(TestNG.java:1208)\n\tat org.testng.TestNG.runSuites(TestNG.java:1112)\n\tat org.testng.TestNG.run(TestNG.java:1079)\n\tat org.apache.maven.surefire.testng.TestNGExecutor.run(TestNGExecutor.java:283)\n\tat org.apache.maven.surefire.testng.TestNGXmlTestSuite.execute(TestNGXmlTestSuite.java:75)\n\tat org.apache.maven.surefire.testng.TestNGProvider.invoke(TestNGProvider.java:120)\n\tat org.apache.maven.surefire.booter.ForkedBooter.invokeProviderInSameClassLoader(ForkedBooter.java:384)\n\tat org.apache.maven.surefire.booter.ForkedBooter.runSuitesInProcess(ForkedBooter.java:345)\n\tat org.apache.maven.surefire.booter.ForkedBooter.execute(ForkedBooter.java:126)\n\tat org.apache.maven.surefire.booter.ForkedBooter.main(ForkedBooter.java:418)\n","steps":[],"attachments":[{"uid":"a3c1972b04059d51","name":"API call","source":"a3c1972b04059d51.html","type":"text/html","size":501},{"uid":"7d93f45059b82d7","name":"Response","source":"7d93f45059b82d7.html","type":"text/html","size":112225},{"uid":"9b31aacc7b70f9de","name":"API call","source":"9b31aacc7b70f9de.html","type":"text/html","size":509},{"uid":"14d09e6d0b11369b","name":"Response","source":"14d09e6d0b11369b.html","type":"text/html","size":555},{"uid":"cf3ac0cb0ba7af05","name":"API call","source":"cf3ac0cb0ba7af05.html","type":"text/html","size":515},{"uid":"bb03f1b0696c5d69","name":"Response","source":"bb03f1b0696c5d69.html","type":"text/html","size":310},{"uid":"34b882cbbf6b1265","name":"API call","source":"34b882cbbf6b1265.html","type":"text/html","size":509},{"uid":"1788cfd69b7bb5d3","name":"Response","source":"1788cfd69b7bb5d3.html","type":"text/html","size":555}],"parameters":[],"stepsCount":0,"attachmentsCount":8,"shouldDisplayMessage":true,"hasContent":true},"afterStages":[],"labels":[{"name":"package","value":"tests.authors.VerifyDeleteAuthorAPITest"},{"name":"testClass","value":"tests.authors.VerifyDeleteAuthorAPITest"},{"name":"testMethod","value":"deleteExistingAuthorTest"},{"name":"parentSuite","value":"Suite"},{"name":"suite","value":"Author Tests"},{"name":"subSuite","value":"tests.authors.VerifyDeleteAuthorAPITest"},{"name":"host","value":"fv-az979-446"},{"name":"thread","value":"2418@fv-az979-446.main(1)"},{"name":"framework","value":"testng"},{"name":"language","value":"java"},{"name":"resultFormat","value":"allure2"}],"parameters":[],"links":[],"hidden":false,"retry":false,"extra":{"severity":"normal","retries":[{"uid":"d044cf2b8d1fe7c0","status":"failed","statusDetails":"\nThe following 2 assertions failed:\n1) [Code Status should be equal to: 404] \nexpected: 404\n but was: 200\nat VerifyDeleteAuthorAPITest.lambda$deleteExistingAuthorTest$0(VerifyDeleteAuthorAPITest.java:30)\n2) [Author should be deleted] \nexpected: \"Not Found\"\n but was: null\nat VerifyDeleteAuthorAPITest.lambda$deleteExistingAuthorTest$0(VerifyDeleteAuthorAPITest.java:33)\n","time":{"start":1728460793740,"stop":1728460801527,"duration":7787}}],"categories":[{"name":"Product defects","matchedStatuses":[],"flaky":false}],"tags":[]},"source":"af12712362f6a34.json","parameterValues":[]}