{"uid":"e3522613521f6b68","name":"Verify that we can delete an existing book","fullName":"tests.books.VerifyDeleteBookAPITest.deleteExistingBookTest","historyId":"b11e9058b72805fe33a86839a4e27ef9","time":{"start":1728460805132,"stop":1728460807429,"duration":2297},"status":"failed","statusMessage":"\nThe following 2 assertions failed:\n1) [Code Status should be equal to: 404] \nexpected: 404\n but was: 200\nat VerifyDeleteBookAPITest.lambda$deleteExistingBookTest$0(VerifyDeleteBookAPITest.java:30)\n2) [Book should be deleted] \nexpected: \"Not Found\"\n but was: \"Book 152\"\nat VerifyDeleteBookAPITest.lambda$deleteExistingBookTest$0(VerifyDeleteBookAPITest.java:33)\n","statusTrace":"org.assertj.core.api.SoftAssertionError: \nThe following 2 assertions failed:\n1) [Code Status should be equal to: 404] \nexpected: 404\n but was: 200\nat VerifyDeleteBookAPITest.lambda$deleteExistingBookTest$0(VerifyDeleteBookAPITest.java:30)\n2) [Book should be deleted] \nexpected: \"Not Found\"\n but was: \"Book 152\"\nat VerifyDeleteBookAPITest.lambda$deleteExistingBookTest$0(VerifyDeleteBookAPITest.java:33)\n\n\tat org.assertj.core.error.AssertionErrorCreator.multipleSoftAssertionsError(AssertionErrorCreator.java:99)\n\tat org.assertj.core.api.AbstractSoftAssertions.assertAll(AbstractSoftAssertions.java:37)\n\tat org.assertj.core.api.AbstractSoftAssertions.assertAll(AbstractSoftAssertions.java:42)\n\tat org.assertj.core.api.SoftAssertionsProvider.assertSoftly(SoftAssertionsProvider.java:120)\n\tat org.assertj.core.api.SoftAssertions.assertSoftly(SoftAssertions.java:162)\n\tat tests.books.VerifyDeleteBookAPITest.deleteExistingBookTest(VerifyDeleteBookAPITest.java:27)\n\tat java.base/jdk.internal.reflect.DirectMethodHandleAccessor.invoke(DirectMethodHandleAccessor.java:103)\n\tat java.base/java.lang.reflect.Method.invoke(Method.java:580)\n\tat org.testng.internal.invokers.MethodInvocationHelper.invokeMethod(MethodInvocationHelper.java:141)\n\tat org.testng.internal.invokers.TestInvoker.invokeMethod(TestInvoker.java:686)\n\tat org.testng.internal.invokers.TestInvoker.invokeTestMethod(TestInvoker.java:230)\n\tat org.testng.internal.invokers.MethodRunner.runInSequence(MethodRunner.java:63)\n\tat org.testng.internal.invokers.TestInvoker$MethodInvocationAgent.invoke(TestInvoker.java:992)\n\tat org.testng.internal.invokers.TestInvoker.invokeTestMethods(TestInvoker.java:203)\n\tat org.testng.internal.invokers.TestMethodWorker.invokeTestMethods(TestMethodWorker.java:154)\n\tat org.testng.internal.invokers.TestMethodWorker.run(TestMethodWorker.java:134)\n\tat java.base/java.util.ArrayList.forEach(ArrayList.java:1597)\n\tat org.testng.TestRunner.privateRun(TestRunner.java:739)\n\tat org.testng.TestRunner.run(TestRunner.java:614)\n\tat org.testng.SuiteRunner.runTest(SuiteRunner.java:421)\n\tat org.testng.SuiteRunner.runSequentially(SuiteRunner.java:413)\n\tat org.testng.SuiteRunner.privateRun(SuiteRunner.java:373)\n\tat org.testng.SuiteRunner.run(SuiteRunner.java:312)\n\tat org.testng.SuiteRunnerWorker.runSuite(SuiteRunnerWorker.java:52)\n\tat org.testng.SuiteRunnerWorker.run(SuiteRunnerWorker.java:95)\n\tat org.testng.TestNG.runSuitesSequentially(TestNG.java:1274)\n\tat org.testng.TestNG.runSuitesLocally(TestNG.java:1208)\n\tat org.testng.TestNG.runSuites(TestNG.java:1112)\n\tat org.testng.TestNG.run(TestNG.java:1079)\n\tat org.apache.maven.surefire.testng.TestNGExecutor.run(TestNGExecutor.java:283)\n\tat org.apache.maven.surefire.testng.TestNGXmlTestSuite.execute(TestNGXmlTestSuite.java:75)\n\tat org.apache.maven.surefire.testng.TestNGProvider.invoke(TestNGProvider.java:120)\n\tat org.apache.maven.surefire.booter.ForkedBooter.invokeProviderInSameClassLoader(ForkedBooter.java:384)\n\tat org.apache.maven.surefire.booter.ForkedBooter.runSuitesInProcess(ForkedBooter.java:345)\n\tat org.apache.maven.surefire.booter.ForkedBooter.execute(ForkedBooter.java:126)\n\tat org.apache.maven.surefire.booter.ForkedBooter.main(ForkedBooter.java:418)\n","flaky":false,"newFailed":false,"newBroken":false,"newPassed":false,"retriesCount":1,"retriesStatusChange":false,"beforeStages":[],"testStage":{"status":"failed","statusMessage":"\nThe following 2 assertions failed:\n1) [Code Status should be equal to: 404] \nexpected: 404\n but was: 200\nat VerifyDeleteBookAPITest.lambda$deleteExistingBookTest$0(VerifyDeleteBookAPITest.java:30)\n2) [Book should be deleted] \nexpected: \"Not Found\"\n but was: \"Book 152\"\nat VerifyDeleteBookAPITest.lambda$deleteExistingBookTest$0(VerifyDeleteBookAPITest.java:33)\n","statusTrace":"org.assertj.core.api.SoftAssertionError: \nThe following 2 assertions failed:\n1) [Code Status should be equal to: 404] \nexpected: 404\n but was: 200\nat VerifyDeleteBookAPITest.lambda$deleteExistingBookTest$0(VerifyDeleteBookAPITest.java:30)\n2) [Book should be deleted] \nexpected: \"Not Found\"\n but was: \"Book 152\"\nat VerifyDeleteBookAPITest.lambda$deleteExistingBookTest$0(VerifyDeleteBookAPITest.java:33)\n\n\tat org.assertj.core.error.AssertionErrorCreator.multipleSoftAssertionsError(AssertionErrorCreator.java:99)\n\tat org.assertj.core.api.AbstractSoftAssertions.assertAll(AbstractSoftAssertions.java:37)\n\tat org.assertj.core.api.AbstractSoftAssertions.assertAll(AbstractSoftAssertions.java:42)\n\tat org.assertj.core.api.SoftAssertionsProvider.assertSoftly(SoftAssertionsProvider.java:120)\n\tat org.assertj.core.api.SoftAssertions.assertSoftly(SoftAssertions.java:162)\n\tat tests.books.VerifyDeleteBookAPITest.deleteExistingBookTest(VerifyDeleteBookAPITest.java:27)\n\tat java.base/jdk.internal.reflect.DirectMethodHandleAccessor.invoke(DirectMethodHandleAccessor.java:103)\n\tat java.base/java.lang.reflect.Method.invoke(Method.java:580)\n\tat org.testng.internal.invokers.MethodInvocationHelper.invokeMethod(MethodInvocationHelper.java:141)\n\tat org.testng.internal.invokers.TestInvoker.invokeMethod(TestInvoker.java:686)\n\tat org.testng.internal.invokers.TestInvoker.invokeTestMethod(TestInvoker.java:230)\n\tat org.testng.internal.invokers.MethodRunner.runInSequence(MethodRunner.java:63)\n\tat org.testng.internal.invokers.TestInvoker$MethodInvocationAgent.invoke(TestInvoker.java:992)\n\tat org.testng.internal.invokers.TestInvoker.invokeTestMethods(TestInvoker.java:203)\n\tat org.testng.internal.invokers.TestMethodWorker.invokeTestMethods(TestMethodWorker.java:154)\n\tat org.testng.internal.invokers.TestMethodWorker.run(TestMethodWorker.java:134)\n\tat java.base/java.util.ArrayList.forEach(ArrayList.java:1597)\n\tat org.testng.TestRunner.privateRun(TestRunner.java:739)\n\tat org.testng.TestRunner.run(TestRunner.java:614)\n\tat org.testng.SuiteRunner.runTest(SuiteRunner.java:421)\n\tat org.testng.SuiteRunner.runSequentially(SuiteRunner.java:413)\n\tat org.testng.SuiteRunner.privateRun(SuiteRunner.java:373)\n\tat org.testng.SuiteRunner.run(SuiteRunner.java:312)\n\tat org.testng.SuiteRunnerWorker.runSuite(SuiteRunnerWorker.java:52)\n\tat org.testng.SuiteRunnerWorker.run(SuiteRunnerWorker.java:95)\n\tat org.testng.TestNG.runSuitesSequentially(TestNG.java:1274)\n\tat org.testng.TestNG.runSuitesLocally(TestNG.java:1208)\n\tat org.testng.TestNG.runSuites(TestNG.java:1112)\n\tat org.testng.TestNG.run(TestNG.java:1079)\n\tat org.apache.maven.surefire.testng.TestNGExecutor.run(TestNGExecutor.java:283)\n\tat org.apache.maven.surefire.testng.TestNGXmlTestSuite.execute(TestNGXmlTestSuite.java:75)\n\tat org.apache.maven.surefire.testng.TestNGProvider.invoke(TestNGProvider.java:120)\n\tat org.apache.maven.surefire.booter.ForkedBooter.invokeProviderInSameClassLoader(ForkedBooter.java:384)\n\tat org.apache.maven.surefire.booter.ForkedBooter.runSuitesInProcess(ForkedBooter.java:345)\n\tat org.apache.maven.surefire.booter.ForkedBooter.execute(ForkedBooter.java:126)\n\tat org.apache.maven.surefire.booter.ForkedBooter.main(ForkedBooter.java:418)\n","steps":[],"attachments":[{"uid":"5de8389b1b5e719","name":"API call","source":"5de8389b1b5e719.html","type":"text/html","size":497},{"uid":"20c206c1c9dd00cf","name":"Response","source":"20c206c1c9dd00cf.html","type":"text/html","size":129240},{"uid":"3f4355b1b7d0b75c","name":"API call","source":"3f4355b1b7d0b75c.html","type":"text/html","size":505},{"uid":"fbbfca8a8ee2f846","name":"Response","source":"fbbfca8a8ee2f846.html","type":"text/html","size":1003},{"uid":"bbaab9ee80c522e6","name":"API call","source":"bbaab9ee80c522e6.html","type":"text/html","size":511},{"uid":"64811c591083e456","name":"Response","source":"64811c591083e456.html","type":"text/html","size":310},{"uid":"195b70ae434d7590","name":"API call","source":"195b70ae434d7590.html","type":"text/html","size":505},{"uid":"4e5ad7bd971ccca0","name":"Response","source":"4e5ad7bd971ccca0.html","type":"text/html","size":1003}],"parameters":[],"stepsCount":0,"attachmentsCount":8,"shouldDisplayMessage":true,"hasContent":true},"afterStages":[],"labels":[{"name":"package","value":"tests.books.VerifyDeleteBookAPITest"},{"name":"testClass","value":"tests.books.VerifyDeleteBookAPITest"},{"name":"testMethod","value":"deleteExistingBookTest"},{"name":"parentSuite","value":"Suite"},{"name":"suite","value":"Book Tests"},{"name":"subSuite","value":"tests.books.VerifyDeleteBookAPITest"},{"name":"host","value":"fv-az847-298"},{"name":"thread","value":"2328@fv-az847-298.main(1)"},{"name":"framework","value":"testng"},{"name":"language","value":"java"},{"name":"resultFormat","value":"allure2"}],"parameters":[],"links":[],"hidden":false,"retry":false,"extra":{"severity":"normal","retries":[{"uid":"3b2b3263c8c1848e","status":"failed","statusDetails":"\nThe following 2 assertions failed:\n1) [Code Status should be equal to: 404] \nexpected: 404\n but was: 200\nat VerifyDeleteBookAPITest.lambda$deleteExistingBookTest$0(VerifyDeleteBookAPITest.java:30)\n2) [Book should be deleted] \nexpected: \"Not Found\"\n but was: \"Book 5\"\nat VerifyDeleteBookAPITest.lambda$deleteExistingBookTest$0(VerifyDeleteBookAPITest.java:33)\n","time":{"start":1728460668453,"stop":1728460670834,"duration":2381}}],"categories":[{"name":"Product defects","matchedStatuses":[],"flaky":false}],"tags":[]},"source":"e3522613521f6b68.json","parameterValues":[]}